<?xml version="1.0" encoding="UTF-8"?>
<!-- Generated by org.testng.reporters.JUnitXMLReporter -->
<testsuite hostname="Sparsh-Shrivastava" ignored="3" name="Default test" tests="1" failures="0" timestamp="2021-12-10T19:01:34 IST" time="162.423" errors="0">
  <testcase name="Customer_Orders" time="162.369" classname="Dealership.Workspace"/>
  <testcase name="Vendor_Orders" time="0.0" classname="Dealership.Workspace">
    <ignored/>
  </testcase> <!-- Vendor_Orders -->
  <testcase name="StoreSummary" time="0.0" classname="Dealership.Workspace">
    <ignored/>
  </testcase> <!-- StoreSummary -->
  <testcase name="ServiceJobs" time="0.0" classname="Dealership.Workspace">
    <ignored/>
  </testcase> <!-- ServiceJobs -->
</testsuite> <!-- Default test -->
