<?xml version="1.0" encoding="UTF-8"?>
<!-- Generated by org.testng.reporters.JUnitXMLReporter -->
<testsuite hostname="Sparsh-Shrivastava" ignored="4" name="Default test" tests="1" failures="0" timestamp="2022-02-23T15:07:00 IST" time="476.795" errors="0">
  <testcase name="Servicejob" time="470.306" classname="Dealership.CustomerOrder"/>
  <testcase name="CashSale" time="0.0" classname="Dealership.CustomerOrder">
    <ignored/>
  </testcase> <!-- CashSale -->
  <testcase name="UnitDeal" time="0.0" classname="Dealership.CustomerOrder">
    <ignored/>
  </testcase> <!-- UnitDeal -->
  <testcase name="Merchandise" time="0.0" classname="Dealership.CustomerOrder">
    <ignored/>
  </testcase> <!-- Merchandise -->
  <testcase name="TemporaryUnit" time="0.0" classname="Dealership.CustomerOrder">
    <ignored/>
  </testcase> <!-- TemporaryUnit -->
</testsuite> <!-- Default test -->
