<?xml version="1.0" encoding="UTF-8"?>
<!-- Generated by org.testng.reporters.JUnitXMLReporter -->
<testsuite hostname="Sparsh-Shrivastava" ignored="2" name="Default test" tests="1" failures="0" timestamp="2022-04-04T10:48:50 IST" time="120.604" errors="0">
  <testcase name="SalePrice" time="114.442" classname="Dealership.AusOnTaxClass1"/>
  <testcase name="MerchandiseTax" time="0.0" classname="Dealership.AusOnTaxClass1">
    <ignored/>
  </testcase> <!-- MerchandiseTax -->
  <testcase name="CashSaleTax" time="0.0" classname="Dealership.AusOnTaxClass1">
    <ignored/>
  </testcase> <!-- CashSaleTax -->
</testsuite> <!-- Default test -->
