<?xml version="1.0" encoding="UTF-8"?>
<!-- Generated by org.testng.reporters.JUnitXMLReporter -->
<testsuite hostname="Sparsh-Shrivastava" ignored="6" name="Default test" tests="1" failures="0" timestamp="2022-04-18T13:43:46 IST" time="88.642" errors="0">
  <testcase name="AddCustomer" time="82.189" classname="Dealership.Masterdata"/>
  <testcase name="AddVendor" time="0.0" classname="Dealership.Masterdata">
    <ignored/>
  </testcase> <!-- AddVendor -->
  <testcase name="AddKit" time="0.0" classname="Dealership.Masterdata">
    <ignored/>
  </testcase> <!-- AddKit -->
  <testcase name="AddLabor" time="0.0" classname="Dealership.Masterdata">
    <ignored/>
  </testcase> <!-- AddLabor -->
  <testcase name="AddFee" time="0.0" classname="Dealership.Masterdata">
    <ignored/>
  </testcase> <!-- AddFee -->
  <testcase name="AddPart" time="0.0" classname="Dealership.Masterdata">
    <ignored/>
  </testcase> <!-- AddPart -->
  <testcase name="AddUnit" time="0.0" classname="Dealership.Masterdata">
    <ignored/>
  </testcase> <!-- AddUnit -->
</testsuite> <!-- Default test -->
