<?xml version="1.0" encoding="UTF-8"?>
<!-- Generated by org.testng.reporters.JUnitXMLReporter -->
<testsuite hostname="Sparsh-Shrivastava" ignored="2" name="Default test" tests="1" failures="0" timestamp="2022-01-03T22:07:16 IST" time="291.703" errors="0">
  <testcase name="UnitDeal" time="285.52" classname="Dealership.Sell"/>
  <testcase name="servicejob" time="0.0" classname="Dealership.Sell">
    <ignored/>
  </testcase> <!-- servicejob -->
  <testcase name="sell" time="0.0" classname="Dealership.Sell">
    <ignored/>
  </testcase> <!-- sell -->
</testsuite> <!-- Default test -->
