<?xml version="1.0" encoding="UTF-8"?>
<!-- Generated by org.testng.reporters.JUnitXMLReporter -->
<testsuite hostname="Sparsh-Shrivastava" ignored="6" name="Default test" tests="1" failures="0" timestamp="2022-01-31T17:06:10 IST" time="161.907" errors="0">
  <testcase name="PartReturntoVendor" time="155.561" classname="Dealership.Order"/>
  <testcase name="BulkUnitOrder" time="0.0" classname="Dealership.Order">
    <ignored/>
  </testcase> <!-- BulkUnitOrder -->
  <testcase name="PartOrderReceiveInvoice" time="0.0" classname="Dealership.Order">
    <ignored/>
  </testcase> <!-- PartOrderReceiveInvoice -->
  <testcase name="SpecialOrder" time="0.0" classname="Dealership.Order">
    <ignored/>
  </testcase> <!-- SpecialOrder -->
  <testcase name="PartOrderfromCO" time="0.0" classname="Dealership.Order">
    <ignored/>
  </testcase> <!-- PartOrderfromCO -->
  <testcase name="SingleUnitOrder" time="0.0" classname="Dealership.Order">
    <ignored/>
  </testcase> <!-- SingleUnitOrder -->
  <testcase name="Oversold" time="0.0" classname="Dealership.Order">
    <ignored/>
  </testcase> <!-- Oversold -->
</testsuite> <!-- Default test -->
