<?xml version="1.0" encoding="UTF-8"?>
<!-- Generated by org.testng.reporters.JUnitXMLReporter -->
<testsuite hostname="Sparsh-Shrivastava" ignored="1" name="Default test" tests="1" failures="0" timestamp="2022-03-31T18:38:48 IST" time="205.392" errors="0">
  <testcase name="CashSaleTax" time="199.252" classname="Dealership.AusOnTaxClass1"/>
  <testcase name="MerchandiseTax" time="0.0" classname="Dealership.AusOnTaxClass1">
    <ignored/>
  </testcase> <!-- MerchandiseTax -->
</testsuite> <!-- Default test -->
