<?xml version="1.0" encoding="UTF-8"?>
<!-- Generated by org.testng.reporters.JUnitXMLReporter -->
<testsuite hostname="Sparsh-Shrivastava" ignored="5" name="Default test" tests="1" failures="0" timestamp="2022-02-07T19:53:31 IST" time="215.135" errors="0">
  <testcase name="DealserviceAppointment" time="208.755" classname="Dealership.Schedule"/>
  <testcase name="ServiceJobAppointment" time="0.0" classname="Dealership.Schedule">
    <ignored/>
  </testcase> <!-- ServiceJobAppointment -->
  <testcase name="CreateandView" time="0.0" classname="Dealership.Schedule">
    <ignored/>
  </testcase> <!-- CreateandView -->
  <testcase name="MoveAppointment" time="0.0" classname="Dealership.Schedule">
    <ignored/>
  </testcase> <!-- MoveAppointment -->
  <testcase name="CreateEditDeleteAppointment" time="0.0" classname="Dealership.Schedule">
    <ignored/>
  </testcase> <!-- CreateEditDeleteAppointment -->
  <testcase name="UnassignedAppointment" time="0.0" classname="Dealership.Schedule">
    <ignored/>
  </testcase> <!-- UnassignedAppointment -->
</testsuite> <!-- Default test -->
