<?xml version="1.0" encoding="UTF-8"?>
<!-- Generated by org.testng.reporters.JUnitXMLReporter -->
<testsuite hostname="Sparsh-Shrivastava" ignored="5" name="Default test" tests="1" failures="0" timestamp="2022-01-28T14:11:47 IST" time="142.62" errors="0">
  <testcase name="Oversold" time="136.405" classname="Dealership.Order"/>
  <testcase name="SingleUnitOrder" time="0.0" classname="Dealership.Order">
    <ignored/>
  </testcase> <!-- SingleUnitOrder -->
  <testcase name="PartOrderfromCO" time="0.0" classname="Dealership.Order">
    <ignored/>
  </testcase> <!-- PartOrderfromCO -->
  <testcase name="BulkUnitOrder" time="0.0" classname="Dealership.Order">
    <ignored/>
  </testcase> <!-- BulkUnitOrder -->
  <testcase name="PartOrderReceiveInvoice" time="0.0" classname="Dealership.Order">
    <ignored/>
  </testcase> <!-- PartOrderReceiveInvoice -->
  <testcase name="SpecialOrder" time="0.0" classname="Dealership.Order">
    <ignored/>
  </testcase> <!-- SpecialOrder -->
</testsuite> <!-- Default test -->
