<?xml version="1.0" encoding="UTF-8"?>
<!-- Generated by org.testng.reporters.JUnitXMLReporter -->
<testsuite hostname="Sparsh-Shrivastava" ignored="4" name="Default test" tests="1" failures="0" timestamp="2022-01-05T16:43:46 IST" time="208.671" errors="0">
  <testcase name="CashSale" time="202.433" classname="Dealership.Sell"/>
  <testcase name="PrintInvoice" time="0.0" classname="Dealership.Sell">
    <ignored/>
  </testcase> <!-- PrintInvoice -->
  <testcase name="servicejob" time="0.0" classname="Dealership.Sell">
    <ignored/>
  </testcase> <!-- servicejob -->
  <testcase name="UnitDeal" time="0.0" classname="Dealership.Sell">
    <ignored/>
  </testcase> <!-- UnitDeal -->
  <testcase name="sell" time="0.0" classname="Dealership.Sell">
    <ignored/>
  </testcase> <!-- sell -->
</testsuite> <!-- Default test -->
