<?xml version="1.0" encoding="UTF-8"?>
<!-- Generated by org.testng.reporters.JUnitXMLReporter -->
<testsuite hostname="Sparsh-Shrivastava" ignored="2" name="Default test" tests="1" failures="0" timestamp="2021-12-30T18:11:50 IST" time="454.003" errors="0">
  <testcase name="servicejob" time="447.786" classname="Dealership.Sell"/>
  <testcase name="UnitDeal" time="0.0" classname="Dealership.Sell">
    <ignored/>
  </testcase> <!-- UnitDeal -->
  <testcase name="sell" time="0.0" classname="Dealership.Sell">
    <ignored/>
  </testcase> <!-- sell -->
</testsuite> <!-- Default test -->
