<?xml version="1.0" encoding="UTF-8"?>
<!-- Generated by org.testng.reporters.JUnitXMLReporter -->
<testsuite hostname="Sparsh-Shrivastava" ignored="10" name="Default test" tests="1" failures="0" timestamp="2022-02-25T15:19:34 IST" time="302.26" errors="0">
  <testcase name="LinkedformforVP" time="295.954" classname="Dealership.SystemSettings"/>
  <testcase name="LinkedfeeforServiceJobs" time="0.0" classname="Dealership.SystemSettings">
    <ignored/>
  </testcase> <!-- LinkedfeeforServiceJobs -->
  <testcase name="LinkedformforService" time="0.0" classname="Dealership.SystemSettings">
    <ignored/>
  </testcase> <!-- LinkedformforService -->
  <testcase name="BrandingManagement" time="0.0" classname="Dealership.SystemSettings">
    <ignored/>
  </testcase> <!-- BrandingManagement -->
  <testcase name="LinkedfeeforMarchendise" time="0.0" classname="Dealership.SystemSettings">
    <ignored/>
  </testcase> <!-- LinkedfeeforMarchendise -->
  <testcase name="Businessprofile" time="0.0" classname="Dealership.SystemSettings">
    <ignored/>
  </testcase> <!-- Businessprofile -->
  <testcase name="LinkedformforFinancing" time="0.0" classname="Dealership.SystemSettings">
    <ignored/>
  </testcase> <!-- LinkedformforFinancing -->
  <testcase name="LinkedformforDeal" time="0.0" classname="Dealership.SystemSettings">
    <ignored/>
  </testcase> <!-- LinkedformforDeal -->
  <testcase name="Cashdrawers" time="0.0" classname="Dealership.SystemSettings">
    <ignored/>
  </testcase> <!-- Cashdrawers -->
  <testcase name="AccountingIntegration" time="0.0" classname="Dealership.SystemSettings">
    <ignored/>
  </testcase> <!-- AccountingIntegration -->
  <testcase name="LinkedfeeforDeal" time="0.0" classname="Dealership.SystemSettings">
    <ignored/>
  </testcase> <!-- LinkedfeeforDeal -->
</testsuite> <!-- Default test -->
