<?xml version="1.0" encoding="UTF-8"?>
<!-- Generated by org.testng.reporters.JUnitXMLReporter -->
<testsuite hostname="Sparsh-Shrivastava" ignored="17" name="Default test" tests="1" failures="0" timestamp="2022-03-21T10:51:57 IST" time="240.132" errors="0">
  <testcase name="Userpermissions" time="233.932" classname="Dealership.SystemSettings"/>
  <testcase name="BrandingManagement" time="0.0" classname="Dealership.SystemSettings">
    <ignored/>
  </testcase> <!-- BrandingManagement -->
  <testcase name="LinkedfeeforMarchendise" time="0.0" classname="Dealership.SystemSettings">
    <ignored/>
  </testcase> <!-- LinkedfeeforMarchendise -->
  <testcase name="ProductLocations" time="0.0" classname="Dealership.SystemSettings">
    <ignored/>
  </testcase> <!-- ProductLocations -->
  <testcase name="Businessprofile" time="0.0" classname="Dealership.SystemSettings">
    <ignored/>
  </testcase> <!-- Businessprofile -->
  <testcase name="MakeAndModel" time="0.0" classname="Dealership.SystemSettings">
    <ignored/>
  </testcase> <!-- MakeAndModel -->
  <testcase name="LinkedformforFinancing" time="0.0" classname="Dealership.SystemSettings">
    <ignored/>
  </testcase> <!-- LinkedformforFinancing -->
  <testcase name="LinkedformforDeal" time="0.0" classname="Dealership.SystemSettings">
    <ignored/>
  </testcase> <!-- LinkedformforDeal -->
  <testcase name="AccountingIntegration" time="0.0" classname="Dealership.SystemSettings">
    <ignored/>
  </testcase> <!-- AccountingIntegration -->
  <testcase name="LinkedfeeforServiceJobs" time="0.0" classname="Dealership.SystemSettings">
    <ignored/>
  </testcase> <!-- LinkedfeeforServiceJobs -->
  <testcase name="LinkedformforService" time="0.0" classname="Dealership.SystemSettings">
    <ignored/>
  </testcase> <!-- LinkedformforService -->
  <testcase name="Tagmanagement" time="0.0" classname="Dealership.SystemSettings">
    <ignored/>
  </testcase> <!-- Tagmanagement -->
  <testcase name="Unitpricingandoptions" time="0.0" classname="Dealership.SystemSettings">
    <ignored/>
  </testcase> <!-- Unitpricingandoptions -->
  <testcase name="Cashdrawers" time="0.0" classname="Dealership.SystemSettings">
    <ignored/>
  </testcase> <!-- Cashdrawers -->
  <testcase name="LinkedfeeforDeal" time="0.0" classname="Dealership.SystemSettings">
    <ignored/>
  </testcase> <!-- LinkedfeeforDeal -->
  <testcase name="LinkedformforVP" time="0.0" classname="Dealership.SystemSettings">
    <ignored/>
  </testcase> <!-- LinkedformforVP -->
  <testcase name="Taxmanagement" time="0.0" classname="Dealership.SystemSettings">
    <ignored/>
  </testcase> <!-- Taxmanagement -->
  <testcase name="Textmessagetemplates" time="0.0" classname="Dealership.SystemSettings">
    <ignored/>
  </testcase> <!-- Textmessagetemplates -->
</testsuite> <!-- Default test -->
