<?xml version="1.0" encoding="UTF-8"?>
<!-- Generated by org.testng.reporters.JUnitXMLReporter -->
<testsuite hostname="Sparsh-Shrivastava" ignored="1" name="Default test" tests="1" failures="0" timestamp="2022-01-21T20:20:54 IST" time="181.585" errors="0">
  <testcase name="SingleUnitOrder" time="175.466" classname="Dealership.Order"/>
  <testcase name="BulkUnitOrder" time="0.0" classname="Dealership.Order">
    <ignored/>
  </testcase> <!-- BulkUnitOrder -->
</testsuite> <!-- Default test -->
