<?xml version="1.0" encoding="UTF-8"?>
<!-- Generated by org.testng.reporters.JUnitXMLReporter -->
<testsuite hostname="Sparsh-Shrivastava" ignored="2" name="Default test" tests="1" failures="0" timestamp="2022-02-04T17:47:04 IST" time="213.657" errors="0">
  <testcase name="MoveAppointment" time="207.203" classname="Dealership.Schedule"/>
  <testcase name="CreateandView" time="0.0" classname="Dealership.Schedule">
    <ignored/>
  </testcase> <!-- CreateandView -->
  <testcase name="CreateEditDeleteAppointment" time="0.0" classname="Dealership.Schedule">
    <ignored/>
  </testcase> <!-- CreateEditDeleteAppointment -->
</testsuite> <!-- Default test -->
