<?xml version="1.0" encoding="UTF-8"?>
<testsuite name="Test"
           tests="7"
           failures="0"
           errors="0"
           skipped="0"
           time="606.243">
  <properties />
  
  
            <testcase name="AddFee" time="85.909" classname="Dealership.Masterdata" />
                <testcase name="AddLabor" time="58.754" classname="Dealership.Masterdata" />
                <testcase name="AddCustomer" time="98.043" classname="Dealership.Masterdata" />
                <testcase name="AddPart" time="94.405" classname="Dealership.Masterdata" />
                <testcase name="AddVendor" time="78.428" classname="Dealership.Masterdata" />
                <testcase name="AddUnit" time="101.645" classname="Dealership.Masterdata" />
                <testcase name="AddKit" time="89.059" classname="Dealership.Masterdata" />
      
</testsuite>
