<?xml version="1.0" encoding="UTF-8"?>
<testsuite name="Test"
           tests="7"
           failures="4"
           errors="0"
           skipped="0"
           time="800.649">
  <properties />
            <testcase name="AddCustomer" time="81.328" classname="Dealership.Masterdata">
                <failure type="org.openqa.selenium.ElementClickInterceptedException"
                  message="element click intercepted: Element &lt;div class=&quot;bp-cell bp-unitSearch-area bp-customerdropdown customerDropDown searchInputArea selectableDropdown&quot; ng-class=&quot;{&apos;showingOverlay&apos; : M_AddEditCustomerV2.isFocusedAccountType}&quot;&gt;...&lt;/div&gt; is not clickable at point (463, 462). Other element would receive the click: &lt;div class=&quot;LoadingDiv ng-scope&quot; ng-show=&quot;M_AddEditCustomerV2.isLoading&quot;&gt;...&lt;/div&gt;
  (Session info: chrome=99.0.4844.84)
Build info: version: &apos;4.1.1&apos;, revision: &apos;e8fcc2cecf&apos;
System info: host: &apos;SPARSH-SHRIVAST&apos;, ip: &apos;192.168.1.45&apos;, os.name: &apos;Windows 10&apos;, os.arch: &apos;amd64&apos;, os.version: &apos;10.0&apos;, java.version: &apos;1.8.0_292&apos;
Driver info: org.openqa.selenium.chrome.ChromeDriver
Command: [c5fe084099ef19f9bcdbf106af298bb4, clickElement {id=8ee7e1b3-7772-4e86-b8a5-57b8ec48a5a3}]
Capabilities {acceptInsecureCerts: false, browserName: chrome, browserVersion: 99.0.4844.84, chrome: {chromedriverVersion: 99.0.4844.51 (d537ec02474b5..., userDataDir: C:\Users\Sparsh\AppData\Loc...}, goog:chromeOptions: {debuggerAddress: localhost:56970}, javascriptEnabled: true, networkConnectionEnabled: false, pageLoadStrategy: normal, platform: WINDOWS, platformName: WINDOWS, proxy: Proxy(), se:cdp: ws://localhost:56970/devtoo..., se:cdpVersion: 99.0.4844.84, setWindowRect: true, strictFileInteractability: false, timeouts: {implicit: 0, pageLoad: 300000, script: 30000}, unhandledPromptBehavior: dismiss and notify, webauthn:extension:credBlob: true, webauthn:extension:largeBlob: true, webauthn:virtualAuthenticators: true}
Element: [[ChromeDriver: chrome on WINDOWS (c5fe084099ef19f9bcdbf106af298bb4)] -&gt; xpath: //*[@id=&quot;customerpopup&quot;]/div[2]/div/div[3]/form/div[1]/div[1]/div[3]/div]
Session ID: c5fe084099ef19f9bcdbf106af298bb4"
              >
<![CDATA[org.openqa.selenium.ElementClickInterceptedException: element click intercepted: Element <div class="bp-cell bp-unitSearch-area bp-customerdropdown customerDropDown searchInputArea selectableDropdown" ng-class="{'showingOverlay' : M_AddEditCustomerV2.isFocusedAccountType}">...</div> is not clickable at point (463, 462). Other element would receive the click: <div class="LoadingDiv ng-scope" ng-show="M_AddEditCustomerV2.isLoading">...</div>
  (Session info: chrome=99.0.4844.84)
Build info: version: '4.1.1', revision: 'e8fcc2cecf'
System info: host: 'SPARSH-SHRIVAST', ip: '192.168.1.45', os.name: 'Windows 10', os.arch: 'amd64', os.version: '10.0', java.version: '1.8.0_292'
Driver info: org.openqa.selenium.chrome.ChromeDriver
Command: [c5fe084099ef19f9bcdbf106af298bb4, clickElement {id=8ee7e1b3-7772-4e86-b8a5-57b8ec48a5a3}]
Capabilities {acceptInsecureCerts: false, browserName: chrome, browserVersion: 99.0.4844.84, chrome: {chromedriverVersion: 99.0.4844.51 (d537ec02474b5..., userDataDir: C:\Users\Sparsh\AppData\Loc...}, goog:chromeOptions: {debuggerAddress: localhost:56970}, javascriptEnabled: true, networkConnectionEnabled: false, pageLoadStrategy: normal, platform: WINDOWS, platformName: WINDOWS, proxy: Proxy(), se:cdp: ws://localhost:56970/devtoo..., se:cdpVersion: 99.0.4844.84, setWindowRect: true, strictFileInteractability: false, timeouts: {implicit: 0, pageLoad: 300000, script: 30000}, unhandledPromptBehavior: dismiss and notify, webauthn:extension:credBlob: true, webauthn:extension:largeBlob: true, webauthn:virtualAuthenticators: true}
Element: [[ChromeDriver: chrome on WINDOWS (c5fe084099ef19f9bcdbf106af298bb4)] -> xpath: //*[@id="customerpopup"]/div[2]/div/div[3]/form/div[1]/div[1]/div[3]/div]
Session ID: c5fe084099ef19f9bcdbf106af298bb4
  sun.reflect.NativeConstructorAccessorImpl.newInstance0(Native Method)
  sun.reflect.NativeConstructorAccessorImpl.newInstance(NativeConstructorAccessorImpl.java:62)
  sun.reflect.DelegatingConstructorAccessorImpl.newInstance(DelegatingConstructorAccessorImpl.java:45)
  java.lang.reflect.Constructor.newInstance(Constructor.java:423)
  org.openqa.selenium.remote.codec.w3c.W3CHttpResponseCodec.createException(W3CHttpResponseCodec.java:200)
  org.openqa.selenium.remote.codec.w3c.W3CHttpResponseCodec.decode(W3CHttpResponseCodec.java:133)
  org.openqa.selenium.remote.codec.w3c.W3CHttpResponseCodec.decode(W3CHttpResponseCodec.java:53)
  org.openqa.selenium.remote.HttpCommandExecutor.execute(HttpCommandExecutor.java:184)
  org.openqa.selenium.remote.service.DriverCommandExecutor.invokeExecute(DriverCommandExecutor.java:167)
  org.openqa.selenium.remote.service.DriverCommandExecutor.execute(DriverCommandExecutor.java:142)
  org.openqa.selenium.remote.RemoteWebDriver.execute(RemoteWebDriver.java:543)
  org.openqa.selenium.remote.RemoteWebElement.execute(RemoteWebElement.java:251)
  org.openqa.selenium.remote.RemoteWebElement.click(RemoteWebElement.java:77)
  Dealership.Masterdata.AddCustomer(Masterdata.java:101)
  sun.reflect.NativeMethodAccessorImpl.invoke0(Native Method)
  sun.reflect.NativeMethodAccessorImpl.invoke(NativeMethodAccessorImpl.java:62)
  sun.reflect.DelegatingMethodAccessorImpl.invoke(DelegatingMethodAccessorImpl.java:43)
  java.lang.reflect.Method.invoke(Method.java:498)
  org.testng.internal.invokers.MethodInvocationHelper.invokeMethod(MethodInvocationHelper.java:135)
  org.testng.internal.invokers.TestInvoker.invokeMethod(TestInvoker.java:673)
  org.testng.internal.invokers.TestInvoker.invokeTestMethod(TestInvoker.java:220)
  org.testng.internal.invokers.MethodRunner.runInSequence(MethodRunner.java:50)
  org.testng.internal.invokers.TestInvoker$MethodInvocationAgent.invoke(TestInvoker.java:945)
  org.testng.internal.invokers.TestInvoker.invokeTestMethods(TestInvoker.java:193)
  org.testng.internal.invokers.TestMethodWorker.invokeTestMethods(TestMethodWorker.java:146)
  org.testng.internal.invokers.TestMethodWorker.run(TestMethodWorker.java:128)
  java.util.concurrent.ThreadPoolExecutor.runWorker(ThreadPoolExecutor.java:1149)
  java.util.concurrent.ThreadPoolExecutor$Worker.run(ThreadPoolExecutor.java:624)
  java.lang.Thread.run(Thread.java:748)
]]>
      </failure>

          </testcase>
            <testcase name="AddPart" time="75.558" classname="Dealership.Masterdata">
                <failure type="java.lang.AssertionError"
                  message="Part header is missing expected [true] but found [false]"
              >
<![CDATA[java.lang.AssertionError: Part header is missing expected [true] but found [false]
  org.testng.Assert.fail(Assert.java:110)
  org.testng.Assert.failNotEquals(Assert.java:1413)
  org.testng.Assert.assertTrue(Assert.java:56)
  Dealership.Masterdata.AddPart(Masterdata.java:324)
  sun.reflect.NativeMethodAccessorImpl.invoke0(Native Method)
  sun.reflect.NativeMethodAccessorImpl.invoke(NativeMethodAccessorImpl.java:62)
  sun.reflect.DelegatingMethodAccessorImpl.invoke(DelegatingMethodAccessorImpl.java:43)
  java.lang.reflect.Method.invoke(Method.java:498)
  org.testng.internal.invokers.MethodInvocationHelper.invokeMethod(MethodInvocationHelper.java:135)
  org.testng.internal.invokers.TestInvoker.invokeMethod(TestInvoker.java:673)
  org.testng.internal.invokers.TestInvoker.invokeTestMethod(TestInvoker.java:220)
  org.testng.internal.invokers.MethodRunner.runInSequence(MethodRunner.java:50)
  org.testng.internal.invokers.TestInvoker$MethodInvocationAgent.invoke(TestInvoker.java:945)
  org.testng.internal.invokers.TestInvoker.invokeTestMethods(TestInvoker.java:193)
  org.testng.internal.invokers.TestMethodWorker.invokeTestMethods(TestMethodWorker.java:146)
  org.testng.internal.invokers.TestMethodWorker.run(TestMethodWorker.java:128)
  java.util.concurrent.ThreadPoolExecutor.runWorker(ThreadPoolExecutor.java:1149)
  java.util.concurrent.ThreadPoolExecutor$Worker.run(ThreadPoolExecutor.java:624)
  java.lang.Thread.run(Thread.java:748)
]]>
      </failure>

          </testcase>
            <testcase name="AddVendor" time="146.540" classname="Dealership.Masterdata">
                <failure type="org.openqa.selenium.TimeoutException"
                  message="Expected condition failed: waiting for visibility of all elements located by By.xpath: //*[@id=&quot;newVendor&quot;]/div[2]/div/div/div[1]/div[4]/div[1]/h1[2] (tried for 100 second(s) with 500 milliseconds interval)
Build info: version: &apos;4.1.1&apos;, revision: &apos;e8fcc2cecf&apos;
System info: host: &apos;SPARSH-SHRIVAST&apos;, ip: &apos;192.168.1.45&apos;, os.name: &apos;Windows 10&apos;, os.arch: &apos;amd64&apos;, os.version: &apos;10.0&apos;, java.version: &apos;1.8.0_292&apos;
Driver info: org.openqa.selenium.chrome.ChromeDriver
Capabilities {acceptInsecureCerts: false, browserName: chrome, browserVersion: 99.0.4844.84, chrome: {chromedriverVersion: 99.0.4844.51 (d537ec02474b5..., userDataDir: C:\Users\Sparsh\AppData\Loc...}, goog:chromeOptions: {debuggerAddress: localhost:57381}, javascriptEnabled: true, networkConnectionEnabled: false, pageLoadStrategy: normal, platform: WINDOWS, platformName: WINDOWS, proxy: Proxy(), se:cdp: ws://localhost:57381/devtoo..., se:cdpVersion: 99.0.4844.84, setWindowRect: true, strictFileInteractability: false, timeouts: {implicit: 0, pageLoad: 300000, script: 30000}, unhandledPromptBehavior: dismiss and notify, webauthn:extension:credBlob: true, webauthn:extension:largeBlob: true, webauthn:virtualAuthenticators: true}
Session ID: 89f772d646346dad7596088325ceb36f"
              >
<![CDATA[org.openqa.selenium.TimeoutException: Expected condition failed: waiting for visibility of all elements located by By.xpath: //*[@id="newVendor"]/div[2]/div/div/div[1]/div[4]/div[1]/h1[2] (tried for 100 second(s) with 500 milliseconds interval)
Build info: version: '4.1.1', revision: 'e8fcc2cecf'
System info: host: 'SPARSH-SHRIVAST', ip: '192.168.1.45', os.name: 'Windows 10', os.arch: 'amd64', os.version: '10.0', java.version: '1.8.0_292'
Driver info: org.openqa.selenium.chrome.ChromeDriver
Capabilities {acceptInsecureCerts: false, browserName: chrome, browserVersion: 99.0.4844.84, chrome: {chromedriverVersion: 99.0.4844.51 (d537ec02474b5..., userDataDir: C:\Users\Sparsh\AppData\Loc...}, goog:chromeOptions: {debuggerAddress: localhost:57381}, javascriptEnabled: true, networkConnectionEnabled: false, pageLoadStrategy: normal, platform: WINDOWS, platformName: WINDOWS, proxy: Proxy(), se:cdp: ws://localhost:57381/devtoo..., se:cdpVersion: 99.0.4844.84, setWindowRect: true, strictFileInteractability: false, timeouts: {implicit: 0, pageLoad: 300000, script: 30000}, unhandledPromptBehavior: dismiss and notify, webauthn:extension:credBlob: true, webauthn:extension:largeBlob: true, webauthn:virtualAuthenticators: true}
Session ID: 89f772d646346dad7596088325ceb36f
  org.openqa.selenium.support.ui.WebDriverWait.timeoutException(WebDriverWait.java:138)
  org.openqa.selenium.support.ui.FluentWait.until(FluentWait.java:231)
  Dealership.Masterdata.AddVendor(Masterdata.java:200)
  sun.reflect.NativeMethodAccessorImpl.invoke0(Native Method)
  sun.reflect.NativeMethodAccessorImpl.invoke(NativeMethodAccessorImpl.java:62)
  sun.reflect.DelegatingMethodAccessorImpl.invoke(DelegatingMethodAccessorImpl.java:43)
  java.lang.reflect.Method.invoke(Method.java:498)
  org.testng.internal.invokers.MethodInvocationHelper.invokeMethod(MethodInvocationHelper.java:135)
  org.testng.internal.invokers.TestInvoker.invokeMethod(TestInvoker.java:673)
  org.testng.internal.invokers.TestInvoker.invokeTestMethod(TestInvoker.java:220)
  org.testng.internal.invokers.MethodRunner.runInSequence(MethodRunner.java:50)
  org.testng.internal.invokers.TestInvoker$MethodInvocationAgent.invoke(TestInvoker.java:945)
  org.testng.internal.invokers.TestInvoker.invokeTestMethods(TestInvoker.java:193)
  org.testng.internal.invokers.TestMethodWorker.invokeTestMethods(TestMethodWorker.java:146)
  org.testng.internal.invokers.TestMethodWorker.run(TestMethodWorker.java:128)
  java.util.concurrent.ThreadPoolExecutor.runWorker(ThreadPoolExecutor.java:1149)
  java.util.concurrent.ThreadPoolExecutor$Worker.run(ThreadPoolExecutor.java:624)
  java.lang.Thread.run(Thread.java:748)
]]>
      </failure>

          </testcase>
            <testcase name="AddFee" time="159.595" classname="Dealership.Masterdata">
                <failure type="org.openqa.selenium.TimeoutException"
                  message="Expected condition failed: waiting for visibility of element located by By.xpath: //*[@id=&quot;AddEditFee&quot;]/div[2]/div/div/div/div[2]/div[2]/form/div[1]/div[2]/div/select (tried for 100 second(s) with 500 milliseconds interval)
Build info: version: &apos;4.1.1&apos;, revision: &apos;e8fcc2cecf&apos;
System info: host: &apos;SPARSH-SHRIVAST&apos;, ip: &apos;192.168.1.45&apos;, os.name: &apos;Windows 10&apos;, os.arch: &apos;amd64&apos;, os.version: &apos;10.0&apos;, java.version: &apos;1.8.0_292&apos;
Driver info: org.openqa.selenium.chrome.ChromeDriver
Capabilities {acceptInsecureCerts: false, browserName: chrome, browserVersion: 99.0.4844.84, chrome: {chromedriverVersion: 99.0.4844.51 (d537ec02474b5..., userDataDir: C:\Users\Sparsh\AppData\Loc...}, goog:chromeOptions: {debuggerAddress: localhost:59383}, javascriptEnabled: true, networkConnectionEnabled: false, pageLoadStrategy: normal, platform: WINDOWS, platformName: WINDOWS, proxy: Proxy(), se:cdp: ws://localhost:59383/devtoo..., se:cdpVersion: 99.0.4844.84, setWindowRect: true, strictFileInteractability: false, timeouts: {implicit: 0, pageLoad: 300000, script: 30000}, unhandledPromptBehavior: dismiss and notify, webauthn:extension:credBlob: true, webauthn:extension:largeBlob: true, webauthn:virtualAuthenticators: true}
Session ID: 29f8b953786a31dc75c64d2db325dd29"
              >
<![CDATA[org.openqa.selenium.TimeoutException: Expected condition failed: waiting for visibility of element located by By.xpath: //*[@id="AddEditFee"]/div[2]/div/div/div/div[2]/div[2]/form/div[1]/div[2]/div/select (tried for 100 second(s) with 500 milliseconds interval)
Build info: version: '4.1.1', revision: 'e8fcc2cecf'
System info: host: 'SPARSH-SHRIVAST', ip: '192.168.1.45', os.name: 'Windows 10', os.arch: 'amd64', os.version: '10.0', java.version: '1.8.0_292'
Driver info: org.openqa.selenium.chrome.ChromeDriver
Capabilities {acceptInsecureCerts: false, browserName: chrome, browserVersion: 99.0.4844.84, chrome: {chromedriverVersion: 99.0.4844.51 (d537ec02474b5..., userDataDir: C:\Users\Sparsh\AppData\Loc...}, goog:chromeOptions: {debuggerAddress: localhost:59383}, javascriptEnabled: true, networkConnectionEnabled: false, pageLoadStrategy: normal, platform: WINDOWS, platformName: WINDOWS, proxy: Proxy(), se:cdp: ws://localhost:59383/devtoo..., se:cdpVersion: 99.0.4844.84, setWindowRect: true, strictFileInteractability: false, timeouts: {implicit: 0, pageLoad: 300000, script: 30000}, unhandledPromptBehavior: dismiss and notify, webauthn:extension:credBlob: true, webauthn:extension:largeBlob: true, webauthn:virtualAuthenticators: true}
Session ID: 29f8b953786a31dc75c64d2db325dd29
  org.openqa.selenium.support.ui.WebDriverWait.timeoutException(WebDriverWait.java:138)
  org.openqa.selenium.support.ui.FluentWait.until(FluentWait.java:231)
  Dealership.Masterdata.AddFee(Masterdata.java:732)
  sun.reflect.NativeMethodAccessorImpl.invoke0(Native Method)
  sun.reflect.NativeMethodAccessorImpl.invoke(NativeMethodAccessorImpl.java:62)
  sun.reflect.DelegatingMethodAccessorImpl.invoke(DelegatingMethodAccessorImpl.java:43)
  java.lang.reflect.Method.invoke(Method.java:498)
  org.testng.internal.invokers.MethodInvocationHelper.invokeMethod(MethodInvocationHelper.java:135)
  org.testng.internal.invokers.TestInvoker.invokeMethod(TestInvoker.java:673)
  org.testng.internal.invokers.TestInvoker.invokeTestMethod(TestInvoker.java:220)
  org.testng.internal.invokers.MethodRunner.runInSequence(MethodRunner.java:50)
  org.testng.internal.invokers.TestInvoker$MethodInvocationAgent.invoke(TestInvoker.java:945)
  org.testng.internal.invokers.TestInvoker.invokeTestMethods(TestInvoker.java:193)
  org.testng.internal.invokers.TestMethodWorker.invokeTestMethods(TestMethodWorker.java:146)
  org.testng.internal.invokers.TestMethodWorker.run(TestMethodWorker.java:128)
  java.util.concurrent.ThreadPoolExecutor.runWorker(ThreadPoolExecutor.java:1149)
  java.util.concurrent.ThreadPoolExecutor$Worker.run(ThreadPoolExecutor.java:624)
  java.lang.Thread.run(Thread.java:748)
]]>
      </failure>

          </testcase>
  
  
            <testcase name="AddUnit" time="130.392" classname="Dealership.Masterdata" />
                <testcase name="AddLabor" time="102.833" classname="Dealership.Masterdata" />
                <testcase name="AddKit" time="104.403" classname="Dealership.Masterdata" />
      
</testsuite>
