<?xml version="1.0" encoding="UTF-8"?>
<testsuite name="Test"
           tests="7"
           failures="0"
           errors="0"
           skipped="0"
           time="635.682">
  <properties />
  
  
            <testcase name="AddUnit" time="100.974" classname="Dealership.Masterdata" />
                <testcase name="AddPart" time="111.249" classname="Dealership.Masterdata" />
                <testcase name="AddLabor" time="73.388" classname="Dealership.Masterdata" />
                <testcase name="AddKit" time="95.253" classname="Dealership.Masterdata" />
                <testcase name="AddFee" time="85.632" classname="Dealership.Masterdata" />
                <testcase name="AddVendor" time="68.582" classname="Dealership.Masterdata" />
                <testcase name="AddCustomer" time="100.604" classname="Dealership.Masterdata" />
      
</testsuite>
