<?xml version="1.0" encoding="UTF-8"?>
<testsuite name="Test"
           tests="6"
           failures="5"
           errors="0"
           skipped="0"
           time="1146.650">
  <properties />
            <testcase name="CreateandView" time="143.356" classname="Dealership.Schedule">
                <failure type="org.openqa.selenium.ElementClickInterceptedException"
                  message="element click intercepted: Element &lt;input class=&quot;bp-autocomplete-input H301 bp-input-text bp-bold-font ng-pristine ng-untouched ng-valid&quot; id=&quot;time-slot-input&quot; ng-blur=&quot;M_AddEditApp.showAssignTimeDropdown = false; F_AddEditApp.hideDropdown();&quot; ng-class=&quot;{&apos;bp-redborder&apos;:M_AddEditApp.isError &amp;amp;&amp;amp; !M_AddEditApp.assignTimeJSON.selectedTechnicianTime}&quot; ng-disabled=&quot;F_AddEditApp.isDisableTimeDropDown(M_AddEditApp.assignTechnicianJSON)&quot; ng-focus=&quot;F_AddEditApp.scrollTopDtopDown(&apos;time-slot-div&apos;);M_AddEditApp.showAssignTimeDropdown = true&quot; ng-keyup=&quot;F_AddEditApp.keyPressNavigationOnDropdownElements($event, &apos;time-slot-div&apos;, &apos;timeslot&apos;, M_AddEditApp.timeSlotJSON)&quot; ng-model=&quot;M_AddEditApp.assignTimeJSON.selectedTechnicianTime&quot; placeholder=&quot;Please select time&quot; readonly=&quot;readonly&quot; type=&quot;text&quot;&gt; is not clickable at point (877, 419). Other element would receive the click: &lt;div class=&quot;loadingIconContainer&quot;&gt;...&lt;/div&gt;
  (Session info: chrome=99.0.4844.51)
Build info: version: &apos;4.1.1&apos;, revision: &apos;e8fcc2cecf&apos;
System info: host: &apos;SPARSH-SHRIVAST&apos;, ip: &apos;192.168.1.42&apos;, os.name: &apos;Windows 10&apos;, os.arch: &apos;amd64&apos;, os.version: &apos;10.0&apos;, java.version: &apos;1.8.0_292&apos;
Driver info: org.openqa.selenium.chrome.ChromeDriver
Command: [ca17ade4ad3ba5c51a2d9abd77b0fdfe, clickElement {id=f86d363e-fdeb-49d5-a68a-df203c821f69}]
Capabilities {acceptInsecureCerts: false, browserName: chrome, browserVersion: 99.0.4844.51, chrome: {chromedriverVersion: 99.0.4844.51 (d537ec02474b5..., userDataDir: C:\Users\Sparsh\AppData\Loc...}, goog:chromeOptions: {debuggerAddress: localhost:58332}, javascriptEnabled: true, networkConnectionEnabled: false, pageLoadStrategy: normal, platform: WINDOWS, platformName: WINDOWS, proxy: Proxy(), se:cdp: ws://localhost:58332/devtoo..., se:cdpVersion: 99.0.4844.51, setWindowRect: true, strictFileInteractability: false, timeouts: {implicit: 0, pageLoad: 300000, script: 30000}, unhandledPromptBehavior: dismiss and notify, webauthn:extension:credBlob: true, webauthn:extension:largeBlob: true, webauthn:virtualAuthenticators: true}
Element: [[ChromeDriver: chrome on WINDOWS (ca17ade4ad3ba5c51a2d9abd77b0fdfe)] -&gt; id: time-slot-input]
Session ID: ca17ade4ad3ba5c51a2d9abd77b0fdfe"
              >
<![CDATA[org.openqa.selenium.ElementClickInterceptedException: element click intercepted: Element <input class="bp-autocomplete-input H301 bp-input-text bp-bold-font ng-pristine ng-untouched ng-valid" id="time-slot-input" ng-blur="M_AddEditApp.showAssignTimeDropdown = false; F_AddEditApp.hideDropdown();" ng-class="{'bp-redborder':M_AddEditApp.isError &amp;&amp; !M_AddEditApp.assignTimeJSON.selectedTechnicianTime}" ng-disabled="F_AddEditApp.isDisableTimeDropDown(M_AddEditApp.assignTechnicianJSON)" ng-focus="F_AddEditApp.scrollTopDtopDown('time-slot-div');M_AddEditApp.showAssignTimeDropdown = true" ng-keyup="F_AddEditApp.keyPressNavigationOnDropdownElements($event, 'time-slot-div', 'timeslot', M_AddEditApp.timeSlotJSON)" ng-model="M_AddEditApp.assignTimeJSON.selectedTechnicianTime" placeholder="Please select time" readonly="readonly" type="text"> is not clickable at point (877, 419). Other element would receive the click: <div class="loadingIconContainer">...</div>
  (Session info: chrome=99.0.4844.51)
Build info: version: '4.1.1', revision: 'e8fcc2cecf'
System info: host: 'SPARSH-SHRIVAST', ip: '192.168.1.42', os.name: 'Windows 10', os.arch: 'amd64', os.version: '10.0', java.version: '1.8.0_292'
Driver info: org.openqa.selenium.chrome.ChromeDriver
Command: [ca17ade4ad3ba5c51a2d9abd77b0fdfe, clickElement {id=f86d363e-fdeb-49d5-a68a-df203c821f69}]
Capabilities {acceptInsecureCerts: false, browserName: chrome, browserVersion: 99.0.4844.51, chrome: {chromedriverVersion: 99.0.4844.51 (d537ec02474b5..., userDataDir: C:\Users\Sparsh\AppData\Loc...}, goog:chromeOptions: {debuggerAddress: localhost:58332}, javascriptEnabled: true, networkConnectionEnabled: false, pageLoadStrategy: normal, platform: WINDOWS, platformName: WINDOWS, proxy: Proxy(), se:cdp: ws://localhost:58332/devtoo..., se:cdpVersion: 99.0.4844.51, setWindowRect: true, strictFileInteractability: false, timeouts: {implicit: 0, pageLoad: 300000, script: 30000}, unhandledPromptBehavior: dismiss and notify, webauthn:extension:credBlob: true, webauthn:extension:largeBlob: true, webauthn:virtualAuthenticators: true}
Element: [[ChromeDriver: chrome on WINDOWS (ca17ade4ad3ba5c51a2d9abd77b0fdfe)] -> id: time-slot-input]
Session ID: ca17ade4ad3ba5c51a2d9abd77b0fdfe
  sun.reflect.NativeConstructorAccessorImpl.newInstance0(Native Method)
  sun.reflect.NativeConstructorAccessorImpl.newInstance(NativeConstructorAccessorImpl.java:62)
  sun.reflect.DelegatingConstructorAccessorImpl.newInstance(DelegatingConstructorAccessorImpl.java:45)
  java.lang.reflect.Constructor.newInstance(Constructor.java:423)
  org.openqa.selenium.remote.codec.w3c.W3CHttpResponseCodec.createException(W3CHttpResponseCodec.java:200)
  org.openqa.selenium.remote.codec.w3c.W3CHttpResponseCodec.decode(W3CHttpResponseCodec.java:133)
  org.openqa.selenium.remote.codec.w3c.W3CHttpResponseCodec.decode(W3CHttpResponseCodec.java:53)
  org.openqa.selenium.remote.HttpCommandExecutor.execute(HttpCommandExecutor.java:184)
  org.openqa.selenium.remote.service.DriverCommandExecutor.invokeExecute(DriverCommandExecutor.java:167)
  org.openqa.selenium.remote.service.DriverCommandExecutor.execute(DriverCommandExecutor.java:142)
  org.openqa.selenium.remote.RemoteWebDriver.execute(RemoteWebDriver.java:543)
  org.openqa.selenium.remote.RemoteWebElement.execute(RemoteWebElement.java:251)
  org.openqa.selenium.remote.RemoteWebElement.click(RemoteWebElement.java:77)
  Dealership.POM.CreateAppointment(POM.java:724)
  Dealership.Schedule.CreateandView(Schedule.java:87)
  sun.reflect.NativeMethodAccessorImpl.invoke0(Native Method)
  sun.reflect.NativeMethodAccessorImpl.invoke(NativeMethodAccessorImpl.java:62)
  sun.reflect.DelegatingMethodAccessorImpl.invoke(DelegatingMethodAccessorImpl.java:43)
  java.lang.reflect.Method.invoke(Method.java:498)
  org.testng.internal.invokers.MethodInvocationHelper.invokeMethod(MethodInvocationHelper.java:135)
  org.testng.internal.invokers.TestInvoker.invokeMethod(TestInvoker.java:673)
  org.testng.internal.invokers.TestInvoker.invokeTestMethod(TestInvoker.java:220)
  org.testng.internal.invokers.MethodRunner.runInSequence(MethodRunner.java:50)
  org.testng.internal.invokers.TestInvoker$MethodInvocationAgent.invoke(TestInvoker.java:945)
  org.testng.internal.invokers.TestInvoker.invokeTestMethods(TestInvoker.java:193)
  org.testng.internal.invokers.TestMethodWorker.invokeTestMethods(TestMethodWorker.java:146)
  org.testng.internal.invokers.TestMethodWorker.run(TestMethodWorker.java:128)
  java.util.concurrent.ThreadPoolExecutor.runWorker(ThreadPoolExecutor.java:1149)
  java.util.concurrent.ThreadPoolExecutor$Worker.run(ThreadPoolExecutor.java:624)
  java.lang.Thread.run(Thread.java:748)
]]>
      </failure>

          </testcase>
            <testcase name="CreateEditDeleteAppointment" time="86.068" classname="Dealership.Schedule">
                <failure type="org.openqa.selenium.ElementClickInterceptedException"
                  message="element click intercepted: Element &lt;button class=&quot;primary bp-normal-button btn&quot; ng-click=&quot;F_TechSchedule.openAddEditAppointmentPopup()&quot; ng-disabled=&quot;!GroupOnlyPermissions[&apos;Service scheduler&apos;][&apos;create/modify&apos;]&quot;&gt;...&lt;/button&gt; is not clickable at point (1189, 126). Other element would receive the click: &lt;div class=&quot;LoadingDiv&quot; ng-show=&quot;M_WeekScheduleGrid.isLoading&quot;&gt;...&lt;/div&gt;
  (Session info: chrome=99.0.4844.51)
Build info: version: &apos;4.1.1&apos;, revision: &apos;e8fcc2cecf&apos;
System info: host: &apos;SPARSH-SHRIVAST&apos;, ip: &apos;192.168.1.42&apos;, os.name: &apos;Windows 10&apos;, os.arch: &apos;amd64&apos;, os.version: &apos;10.0&apos;, java.version: &apos;1.8.0_292&apos;
Driver info: org.openqa.selenium.chrome.ChromeDriver
Command: [2eb47bd41d25481a8dd1fe9564b9c9b7, clickElement {id=e086944c-2513-46e0-bde2-3c893e8a8080}]
Capabilities {acceptInsecureCerts: false, browserName: chrome, browserVersion: 99.0.4844.51, chrome: {chromedriverVersion: 99.0.4844.51 (d537ec02474b5..., userDataDir: C:\Users\Sparsh\AppData\Loc...}, goog:chromeOptions: {debuggerAddress: localhost:58039}, javascriptEnabled: true, networkConnectionEnabled: false, pageLoadStrategy: normal, platform: WINDOWS, platformName: WINDOWS, proxy: Proxy(), se:cdp: ws://localhost:58039/devtoo..., se:cdpVersion: 99.0.4844.51, setWindowRect: true, strictFileInteractability: false, timeouts: {implicit: 0, pageLoad: 300000, script: 30000}, unhandledPromptBehavior: dismiss and notify, webauthn:extension:credBlob: true, webauthn:extension:largeBlob: true, webauthn:virtualAuthenticators: true}
Element: [[ChromeDriver: chrome on WINDOWS (2eb47bd41d25481a8dd1fe9564b9c9b7)] -&gt; xpath: //button[contains(text(), &apos;New Appointment&apos;)]]
Session ID: 2eb47bd41d25481a8dd1fe9564b9c9b7"
              >
<![CDATA[org.openqa.selenium.ElementClickInterceptedException: element click intercepted: Element <button class="primary bp-normal-button btn" ng-click="F_TechSchedule.openAddEditAppointmentPopup()" ng-disabled="!GroupOnlyPermissions['Service scheduler']['create/modify']">...</button> is not clickable at point (1189, 126). Other element would receive the click: <div class="LoadingDiv" ng-show="M_WeekScheduleGrid.isLoading">...</div>
  (Session info: chrome=99.0.4844.51)
Build info: version: '4.1.1', revision: 'e8fcc2cecf'
System info: host: 'SPARSH-SHRIVAST', ip: '192.168.1.42', os.name: 'Windows 10', os.arch: 'amd64', os.version: '10.0', java.version: '1.8.0_292'
Driver info: org.openqa.selenium.chrome.ChromeDriver
Command: [2eb47bd41d25481a8dd1fe9564b9c9b7, clickElement {id=e086944c-2513-46e0-bde2-3c893e8a8080}]
Capabilities {acceptInsecureCerts: false, browserName: chrome, browserVersion: 99.0.4844.51, chrome: {chromedriverVersion: 99.0.4844.51 (d537ec02474b5..., userDataDir: C:\Users\Sparsh\AppData\Loc...}, goog:chromeOptions: {debuggerAddress: localhost:58039}, javascriptEnabled: true, networkConnectionEnabled: false, pageLoadStrategy: normal, platform: WINDOWS, platformName: WINDOWS, proxy: Proxy(), se:cdp: ws://localhost:58039/devtoo..., se:cdpVersion: 99.0.4844.51, setWindowRect: true, strictFileInteractability: false, timeouts: {implicit: 0, pageLoad: 300000, script: 30000}, unhandledPromptBehavior: dismiss and notify, webauthn:extension:credBlob: true, webauthn:extension:largeBlob: true, webauthn:virtualAuthenticators: true}
Element: [[ChromeDriver: chrome on WINDOWS (2eb47bd41d25481a8dd1fe9564b9c9b7)] -> xpath: //button[contains(text(), 'New Appointment')]]
Session ID: 2eb47bd41d25481a8dd1fe9564b9c9b7
  sun.reflect.NativeConstructorAccessorImpl.newInstance0(Native Method)
  sun.reflect.NativeConstructorAccessorImpl.newInstance(NativeConstructorAccessorImpl.java:62)
  sun.reflect.DelegatingConstructorAccessorImpl.newInstance(DelegatingConstructorAccessorImpl.java:45)
  java.lang.reflect.Constructor.newInstance(Constructor.java:423)
  org.openqa.selenium.remote.codec.w3c.W3CHttpResponseCodec.createException(W3CHttpResponseCodec.java:200)
  org.openqa.selenium.remote.codec.w3c.W3CHttpResponseCodec.decode(W3CHttpResponseCodec.java:133)
  org.openqa.selenium.remote.codec.w3c.W3CHttpResponseCodec.decode(W3CHttpResponseCodec.java:53)
  org.openqa.selenium.remote.HttpCommandExecutor.execute(HttpCommandExecutor.java:184)
  org.openqa.selenium.remote.service.DriverCommandExecutor.invokeExecute(DriverCommandExecutor.java:167)
  org.openqa.selenium.remote.service.DriverCommandExecutor.execute(DriverCommandExecutor.java:142)
  org.openqa.selenium.remote.RemoteWebDriver.execute(RemoteWebDriver.java:543)
  org.openqa.selenium.remote.RemoteWebElement.execute(RemoteWebElement.java:251)
  org.openqa.selenium.remote.RemoteWebElement.click(RemoteWebElement.java:77)
  Dealership.POM.CreateAppointment(POM.java:551)
  Dealership.Schedule.CreateEditDeleteAppointment(Schedule.java:70)
  sun.reflect.NativeMethodAccessorImpl.invoke0(Native Method)
  sun.reflect.NativeMethodAccessorImpl.invoke(NativeMethodAccessorImpl.java:62)
  sun.reflect.DelegatingMethodAccessorImpl.invoke(DelegatingMethodAccessorImpl.java:43)
  java.lang.reflect.Method.invoke(Method.java:498)
  org.testng.internal.invokers.MethodInvocationHelper.invokeMethod(MethodInvocationHelper.java:135)
  org.testng.internal.invokers.TestInvoker.invokeMethod(TestInvoker.java:673)
  org.testng.internal.invokers.TestInvoker.invokeTestMethod(TestInvoker.java:220)
  org.testng.internal.invokers.MethodRunner.runInSequence(MethodRunner.java:50)
  org.testng.internal.invokers.TestInvoker$MethodInvocationAgent.invoke(TestInvoker.java:945)
  org.testng.internal.invokers.TestInvoker.invokeTestMethods(TestInvoker.java:193)
  org.testng.internal.invokers.TestMethodWorker.invokeTestMethods(TestMethodWorker.java:146)
  org.testng.internal.invokers.TestMethodWorker.run(TestMethodWorker.java:128)
  java.util.concurrent.ThreadPoolExecutor.runWorker(ThreadPoolExecutor.java:1149)
  java.util.concurrent.ThreadPoolExecutor$Worker.run(ThreadPoolExecutor.java:624)
  java.lang.Thread.run(Thread.java:748)
]]>
      </failure>

          </testcase>
            <testcase name="DealserviceAppointment" time="194.400" classname="Dealership.Schedule">
                <failure type="org.openqa.selenium.TimeoutException"
                  message="Expected condition failed: waiting for visibility of element located by By.xpath: //span[contains(text(),&apos;CO-0004489&apos;)] (tried for 100 second(s) with 500 milliseconds interval)
Build info: version: &apos;4.1.1&apos;, revision: &apos;e8fcc2cecf&apos;
System info: host: &apos;SPARSH-SHRIVAST&apos;, ip: &apos;192.168.1.42&apos;, os.name: &apos;Windows 10&apos;, os.arch: &apos;amd64&apos;, os.version: &apos;10.0&apos;, java.version: &apos;1.8.0_292&apos;
Driver info: org.openqa.selenium.chrome.ChromeDriver
Capabilities {acceptInsecureCerts: false, browserName: chrome, browserVersion: 99.0.4844.51, chrome: {chromedriverVersion: 99.0.4844.51 (d537ec02474b5..., userDataDir: C:\Users\Sparsh\AppData\Loc...}, goog:chromeOptions: {debuggerAddress: localhost:59688}, javascriptEnabled: true, networkConnectionEnabled: false, pageLoadStrategy: normal, platform: WINDOWS, platformName: WINDOWS, proxy: Proxy(), se:cdp: ws://localhost:59688/devtoo..., se:cdpVersion: 99.0.4844.51, setWindowRect: true, strictFileInteractability: false, timeouts: {implicit: 0, pageLoad: 300000, script: 30000}, unhandledPromptBehavior: dismiss and notify, webauthn:extension:credBlob: true, webauthn:extension:largeBlob: true, webauthn:virtualAuthenticators: true}
Session ID: 96d7ae61a414938dd15cd492c45ada71"
              >
<![CDATA[org.openqa.selenium.TimeoutException: Expected condition failed: waiting for visibility of element located by By.xpath: //span[contains(text(),'CO-0004489')] (tried for 100 second(s) with 500 milliseconds interval)
Build info: version: '4.1.1', revision: 'e8fcc2cecf'
System info: host: 'SPARSH-SHRIVAST', ip: '192.168.1.42', os.name: 'Windows 10', os.arch: 'amd64', os.version: '10.0', java.version: '1.8.0_292'
Driver info: org.openqa.selenium.chrome.ChromeDriver
Capabilities {acceptInsecureCerts: false, browserName: chrome, browserVersion: 99.0.4844.51, chrome: {chromedriverVersion: 99.0.4844.51 (d537ec02474b5..., userDataDir: C:\Users\Sparsh\AppData\Loc...}, goog:chromeOptions: {debuggerAddress: localhost:59688}, javascriptEnabled: true, networkConnectionEnabled: false, pageLoadStrategy: normal, platform: WINDOWS, platformName: WINDOWS, proxy: Proxy(), se:cdp: ws://localhost:59688/devtoo..., se:cdpVersion: 99.0.4844.51, setWindowRect: true, strictFileInteractability: false, timeouts: {implicit: 0, pageLoad: 300000, script: 30000}, unhandledPromptBehavior: dismiss and notify, webauthn:extension:credBlob: true, webauthn:extension:largeBlob: true, webauthn:virtualAuthenticators: true}
Session ID: 96d7ae61a414938dd15cd492c45ada71
  org.openqa.selenium.support.ui.WebDriverWait.timeoutException(WebDriverWait.java:138)
  org.openqa.selenium.support.ui.FluentWait.until(FluentWait.java:231)
  Dealership.Schedule.DealserviceAppointment(Schedule.java:699)
  sun.reflect.NativeMethodAccessorImpl.invoke0(Native Method)
  sun.reflect.NativeMethodAccessorImpl.invoke(NativeMethodAccessorImpl.java:62)
  sun.reflect.DelegatingMethodAccessorImpl.invoke(DelegatingMethodAccessorImpl.java:43)
  java.lang.reflect.Method.invoke(Method.java:498)
  org.testng.internal.invokers.MethodInvocationHelper.invokeMethod(MethodInvocationHelper.java:135)
  org.testng.internal.invokers.TestInvoker.invokeMethod(TestInvoker.java:673)
  org.testng.internal.invokers.TestInvoker.invokeTestMethod(TestInvoker.java:220)
  org.testng.internal.invokers.MethodRunner.runInSequence(MethodRunner.java:50)
  org.testng.internal.invokers.TestInvoker$MethodInvocationAgent.invoke(TestInvoker.java:945)
  org.testng.internal.invokers.TestInvoker.invokeTestMethods(TestInvoker.java:193)
  org.testng.internal.invokers.TestMethodWorker.invokeTestMethods(TestMethodWorker.java:146)
  org.testng.internal.invokers.TestMethodWorker.run(TestMethodWorker.java:128)
  java.util.concurrent.ThreadPoolExecutor.runWorker(ThreadPoolExecutor.java:1149)
  java.util.concurrent.ThreadPoolExecutor$Worker.run(ThreadPoolExecutor.java:624)
  java.lang.Thread.run(Thread.java:748)
]]>
      </failure>

          </testcase>
            <testcase name="UnassignedAppointment" time="225.737" classname="Dealership.Schedule">
                <failure type="org.openqa.selenium.TimeoutException"
                  message="Expected condition failed: waiting for visibility of element located by By.xpath: //*[@id=&quot;app-global-header-container-id&quot;]/div[2]/nav[1]/ul/li[3]/a (tried for 100 second(s) with 500 milliseconds interval)
Build info: version: &apos;4.1.1&apos;, revision: &apos;e8fcc2cecf&apos;
System info: host: &apos;SPARSH-SHRIVAST&apos;, ip: &apos;192.168.1.42&apos;, os.name: &apos;Windows 10&apos;, os.arch: &apos;amd64&apos;, os.version: &apos;10.0&apos;, java.version: &apos;1.8.0_292&apos;
Driver info: org.openqa.selenium.chrome.ChromeDriver
Capabilities {acceptInsecureCerts: false, browserName: chrome, browserVersion: 99.0.4844.51, chrome: {chromedriverVersion: 99.0.4844.51 (d537ec02474b5..., userDataDir: C:\Users\Sparsh\AppData\Loc...}, goog:chromeOptions: {debuggerAddress: localhost:59259}, javascriptEnabled: true, networkConnectionEnabled: false, pageLoadStrategy: normal, platform: WINDOWS, platformName: WINDOWS, proxy: Proxy(), se:cdp: ws://localhost:59259/devtoo..., se:cdpVersion: 99.0.4844.51, setWindowRect: true, strictFileInteractability: false, timeouts: {implicit: 0, pageLoad: 300000, script: 30000}, unhandledPromptBehavior: dismiss and notify, webauthn:extension:credBlob: true, webauthn:extension:largeBlob: true, webauthn:virtualAuthenticators: true}
Session ID: d082d027ce2c8269bec1f48ff5f42908"
              >
<![CDATA[org.openqa.selenium.TimeoutException: Expected condition failed: waiting for visibility of element located by By.xpath: //*[@id="app-global-header-container-id"]/div[2]/nav[1]/ul/li[3]/a (tried for 100 second(s) with 500 milliseconds interval)
Build info: version: '4.1.1', revision: 'e8fcc2cecf'
System info: host: 'SPARSH-SHRIVAST', ip: '192.168.1.42', os.name: 'Windows 10', os.arch: 'amd64', os.version: '10.0', java.version: '1.8.0_292'
Driver info: org.openqa.selenium.chrome.ChromeDriver
Capabilities {acceptInsecureCerts: false, browserName: chrome, browserVersion: 99.0.4844.51, chrome: {chromedriverVersion: 99.0.4844.51 (d537ec02474b5..., userDataDir: C:\Users\Sparsh\AppData\Loc...}, goog:chromeOptions: {debuggerAddress: localhost:59259}, javascriptEnabled: true, networkConnectionEnabled: false, pageLoadStrategy: normal, platform: WINDOWS, platformName: WINDOWS, proxy: Proxy(), se:cdp: ws://localhost:59259/devtoo..., se:cdpVersion: 99.0.4844.51, setWindowRect: true, strictFileInteractability: false, timeouts: {implicit: 0, pageLoad: 300000, script: 30000}, unhandledPromptBehavior: dismiss and notify, webauthn:extension:credBlob: true, webauthn:extension:largeBlob: true, webauthn:virtualAuthenticators: true}
Session ID: d082d027ce2c8269bec1f48ff5f42908
  org.openqa.selenium.support.ui.WebDriverWait.timeoutException(WebDriverWait.java:138)
  org.openqa.selenium.support.ui.FluentWait.until(FluentWait.java:231)
  Dealership.Schedule.UnassignedAppointment(Schedule.java:274)
  sun.reflect.NativeMethodAccessorImpl.invoke0(Native Method)
  sun.reflect.NativeMethodAccessorImpl.invoke(NativeMethodAccessorImpl.java:62)
  sun.reflect.DelegatingMethodAccessorImpl.invoke(DelegatingMethodAccessorImpl.java:43)
  java.lang.reflect.Method.invoke(Method.java:498)
  org.testng.internal.invokers.MethodInvocationHelper.invokeMethod(MethodInvocationHelper.java:135)
  org.testng.internal.invokers.TestInvoker.invokeMethod(TestInvoker.java:673)
  org.testng.internal.invokers.TestInvoker.invokeTestMethod(TestInvoker.java:220)
  org.testng.internal.invokers.MethodRunner.runInSequence(MethodRunner.java:50)
  org.testng.internal.invokers.TestInvoker$MethodInvocationAgent.invoke(TestInvoker.java:945)
  org.testng.internal.invokers.TestInvoker.invokeTestMethods(TestInvoker.java:193)
  org.testng.internal.invokers.TestMethodWorker.invokeTestMethods(TestMethodWorker.java:146)
  org.testng.internal.invokers.TestMethodWorker.run(TestMethodWorker.java:128)
  java.util.concurrent.ThreadPoolExecutor.runWorker(ThreadPoolExecutor.java:1149)
  java.util.concurrent.ThreadPoolExecutor$Worker.run(ThreadPoolExecutor.java:624)
  java.lang.Thread.run(Thread.java:748)
]]>
      </failure>

          </testcase>
            <testcase name="ServiceJobAppointment" time="222.173" classname="Dealership.Schedule">
                <failure type="org.openqa.selenium.TimeoutException"
                  message="Expected condition failed: waiting for visibility of element located by By.xpath: //*[@id=&quot;app-global-header-container-id&quot;]/div[2]/nav[1]/ul/li[1]/a (tried for 100 second(s) with 500 milliseconds interval)
Build info: version: &apos;4.1.1&apos;, revision: &apos;e8fcc2cecf&apos;
System info: host: &apos;SPARSH-SHRIVAST&apos;, ip: &apos;192.168.1.42&apos;, os.name: &apos;Windows 10&apos;, os.arch: &apos;amd64&apos;, os.version: &apos;10.0&apos;, java.version: &apos;1.8.0_292&apos;
Driver info: org.openqa.selenium.chrome.ChromeDriver
Capabilities {acceptInsecureCerts: false, browserName: chrome, browserVersion: 99.0.4844.51, chrome: {chromedriverVersion: 99.0.4844.51 (d537ec02474b5..., userDataDir: C:\Users\Sparsh\AppData\Loc...}, goog:chromeOptions: {debuggerAddress: localhost:59502}, javascriptEnabled: true, networkConnectionEnabled: false, pageLoadStrategy: normal, platform: WINDOWS, platformName: WINDOWS, proxy: Proxy(), se:cdp: ws://localhost:59502/devtoo..., se:cdpVersion: 99.0.4844.51, setWindowRect: true, strictFileInteractability: false, timeouts: {implicit: 0, pageLoad: 300000, script: 30000}, unhandledPromptBehavior: dismiss and notify, webauthn:extension:credBlob: true, webauthn:extension:largeBlob: true, webauthn:virtualAuthenticators: true}
Session ID: 29bc648700f34daf64ca67d9ea253ff2"
              >
<![CDATA[org.openqa.selenium.TimeoutException: Expected condition failed: waiting for visibility of element located by By.xpath: //*[@id="app-global-header-container-id"]/div[2]/nav[1]/ul/li[1]/a (tried for 100 second(s) with 500 milliseconds interval)
Build info: version: '4.1.1', revision: 'e8fcc2cecf'
System info: host: 'SPARSH-SHRIVAST', ip: '192.168.1.42', os.name: 'Windows 10', os.arch: 'amd64', os.version: '10.0', java.version: '1.8.0_292'
Driver info: org.openqa.selenium.chrome.ChromeDriver
Capabilities {acceptInsecureCerts: false, browserName: chrome, browserVersion: 99.0.4844.51, chrome: {chromedriverVersion: 99.0.4844.51 (d537ec02474b5..., userDataDir: C:\Users\Sparsh\AppData\Loc...}, goog:chromeOptions: {debuggerAddress: localhost:59502}, javascriptEnabled: true, networkConnectionEnabled: false, pageLoadStrategy: normal, platform: WINDOWS, platformName: WINDOWS, proxy: Proxy(), se:cdp: ws://localhost:59502/devtoo..., se:cdpVersion: 99.0.4844.51, setWindowRect: true, strictFileInteractability: false, timeouts: {implicit: 0, pageLoad: 300000, script: 30000}, unhandledPromptBehavior: dismiss and notify, webauthn:extension:credBlob: true, webauthn:extension:largeBlob: true, webauthn:virtualAuthenticators: true}
Session ID: 29bc648700f34daf64ca67d9ea253ff2
  org.openqa.selenium.support.ui.WebDriverWait.timeoutException(WebDriverWait.java:138)
  org.openqa.selenium.support.ui.FluentWait.until(FluentWait.java:231)
  Dealership.Schedule.ServiceJobAppointment(Schedule.java:409)
  sun.reflect.NativeMethodAccessorImpl.invoke0(Native Method)
  sun.reflect.NativeMethodAccessorImpl.invoke(NativeMethodAccessorImpl.java:62)
  sun.reflect.DelegatingMethodAccessorImpl.invoke(DelegatingMethodAccessorImpl.java:43)
  java.lang.reflect.Method.invoke(Method.java:498)
  org.testng.internal.invokers.MethodInvocationHelper.invokeMethod(MethodInvocationHelper.java:135)
  org.testng.internal.invokers.TestInvoker.invokeMethod(TestInvoker.java:673)
  org.testng.internal.invokers.TestInvoker.invokeTestMethod(TestInvoker.java:220)
  org.testng.internal.invokers.MethodRunner.runInSequence(MethodRunner.java:50)
  org.testng.internal.invokers.TestInvoker$MethodInvocationAgent.invoke(TestInvoker.java:945)
  org.testng.internal.invokers.TestInvoker.invokeTestMethods(TestInvoker.java:193)
  org.testng.internal.invokers.TestMethodWorker.invokeTestMethods(TestMethodWorker.java:146)
  org.testng.internal.invokers.TestMethodWorker.run(TestMethodWorker.java:128)
  java.util.concurrent.ThreadPoolExecutor.runWorker(ThreadPoolExecutor.java:1149)
  java.util.concurrent.ThreadPoolExecutor$Worker.run(ThreadPoolExecutor.java:624)
  java.lang.Thread.run(Thread.java:748)
]]>
      </failure>

          </testcase>
  
  
            <testcase name="MoveAppointment" time="274.916" classname="Dealership.Schedule" />
      
</testsuite>
