<?xml version="1.0" encoding="UTF-8"?>
<testsuite name="Default test"
           tests="1"
           failures="1"
           errors="0"
           skipped="0"
           time="136.375">
  <properties />
            <testcase name="CashSale" time="136.375" classname="Dealership.CustomerOrder">
                <failure type="org.openqa.selenium.ElementClickInterceptedException"
                  message="element click intercepted: Element &lt;a class=&quot;btn checkout-btn ng-binding active&quot; ng-class=&quot;{&apos;active&apos; : F_CO.isActiveChechout() &amp;amp;&amp;amp; (M_CO.coHeaderRec.OrderStatus != &apos;Quote&apos;), &apos;non-active&apos; : M_CO.coHeaderRec.OrderStatus === &apos;Quote&apos;}&quot; ng-click=&quot;F_CO.getCOCheckoutInfo()&quot; ng-disabled=&quot;M_CO.coHeaderRec.OrderStatus === &apos;Quote&apos;&quot;&gt;...&lt;/a&gt; is not clickable at point (1251, 493). Other element would receive the click: &lt;div class=&quot;LoadingDiv ng-scope&quot; ng-if=&quot;M_CO.isLoading&quot;&gt;...&lt;/div&gt;
  (Session info: chrome=100.0.4896.75)
Build info: version: &apos;4.1.1&apos;, revision: &apos;e8fcc2cecf&apos;
System info: host: &apos;SPARSH-SHRIVAST&apos;, ip: &apos;192.168.1.45&apos;, os.name: &apos;Windows 10&apos;, os.arch: &apos;amd64&apos;, os.version: &apos;10.0&apos;, java.version: &apos;1.8.0_292&apos;
Driver info: org.openqa.selenium.chrome.ChromeDriver
Command: [19868b74eff8f7a7da6872a302b7eace, clickElement {id=36a319fc-1a86-43ff-bd5e-916288ea2868}]
Capabilities {acceptInsecureCerts: false, browserName: chrome, browserVersion: 100.0.4896.75, chrome: {chromedriverVersion: 100.0.4896.60 (6a5d10861ce8..., userDataDir: C:\Users\Sparsh\AppData\Loc...}, goog:chromeOptions: {debuggerAddress: localhost:65289}, javascriptEnabled: true, networkConnectionEnabled: false, pageLoadStrategy: normal, platform: WINDOWS, platformName: WINDOWS, proxy: Proxy(), se:cdp: ws://localhost:65289/devtoo..., se:cdpVersion: 100.0.4896.75, setWindowRect: true, strictFileInteractability: false, timeouts: {implicit: 0, pageLoad: 300000, script: 30000}, unhandledPromptBehavior: dismiss and notify, webauthn:extension:credBlob: true, webauthn:extension:largeBlob: true, webauthn:virtualAuthenticators: true}
Element: [[ChromeDriver: chrome on WINDOWS (19868b74eff8f7a7da6872a302b7eace)] -&gt; xpath: //*[@id=&quot;BP_Home_mainContainer&quot;]/div[1]/div[11]/div[2]/div[2]/div[2]/a]
Session ID: 19868b74eff8f7a7da6872a302b7eace"
              >
<![CDATA[org.openqa.selenium.ElementClickInterceptedException: element click intercepted: Element <a class="btn checkout-btn ng-binding active" ng-class="{'active' : F_CO.isActiveChechout() &amp;&amp; (M_CO.coHeaderRec.OrderStatus != 'Quote'), 'non-active' : M_CO.coHeaderRec.OrderStatus === 'Quote'}" ng-click="F_CO.getCOCheckoutInfo()" ng-disabled="M_CO.coHeaderRec.OrderStatus === 'Quote'">...</a> is not clickable at point (1251, 493). Other element would receive the click: <div class="LoadingDiv ng-scope" ng-if="M_CO.isLoading">...</div>
  (Session info: chrome=100.0.4896.75)
Build info: version: '4.1.1', revision: 'e8fcc2cecf'
System info: host: 'SPARSH-SHRIVAST', ip: '192.168.1.45', os.name: 'Windows 10', os.arch: 'amd64', os.version: '10.0', java.version: '1.8.0_292'
Driver info: org.openqa.selenium.chrome.ChromeDriver
Command: [19868b74eff8f7a7da6872a302b7eace, clickElement {id=36a319fc-1a86-43ff-bd5e-916288ea2868}]
Capabilities {acceptInsecureCerts: false, browserName: chrome, browserVersion: 100.0.4896.75, chrome: {chromedriverVersion: 100.0.4896.60 (6a5d10861ce8..., userDataDir: C:\Users\Sparsh\AppData\Loc...}, goog:chromeOptions: {debuggerAddress: localhost:65289}, javascriptEnabled: true, networkConnectionEnabled: false, pageLoadStrategy: normal, platform: WINDOWS, platformName: WINDOWS, proxy: Proxy(), se:cdp: ws://localhost:65289/devtoo..., se:cdpVersion: 100.0.4896.75, setWindowRect: true, strictFileInteractability: false, timeouts: {implicit: 0, pageLoad: 300000, script: 30000}, unhandledPromptBehavior: dismiss and notify, webauthn:extension:credBlob: true, webauthn:extension:largeBlob: true, webauthn:virtualAuthenticators: true}
Element: [[ChromeDriver: chrome on WINDOWS (19868b74eff8f7a7da6872a302b7eace)] -> xpath: //*[@id="BP_Home_mainContainer"]/div[1]/div[11]/div[2]/div[2]/div[2]/a]
Session ID: 19868b74eff8f7a7da6872a302b7eace
  sun.reflect.NativeConstructorAccessorImpl.newInstance0(Native Method)
  sun.reflect.NativeConstructorAccessorImpl.newInstance(NativeConstructorAccessorImpl.java:62)
  sun.reflect.DelegatingConstructorAccessorImpl.newInstance(DelegatingConstructorAccessorImpl.java:45)
  java.lang.reflect.Constructor.newInstance(Constructor.java:423)
  org.openqa.selenium.remote.codec.w3c.W3CHttpResponseCodec.createException(W3CHttpResponseCodec.java:200)
  org.openqa.selenium.remote.codec.w3c.W3CHttpResponseCodec.decode(W3CHttpResponseCodec.java:133)
  org.openqa.selenium.remote.codec.w3c.W3CHttpResponseCodec.decode(W3CHttpResponseCodec.java:53)
  org.openqa.selenium.remote.HttpCommandExecutor.execute(HttpCommandExecutor.java:184)
  org.openqa.selenium.remote.service.DriverCommandExecutor.invokeExecute(DriverCommandExecutor.java:167)
  org.openqa.selenium.remote.service.DriverCommandExecutor.execute(DriverCommandExecutor.java:142)
  org.openqa.selenium.remote.RemoteWebDriver.execute(RemoteWebDriver.java:543)
  org.openqa.selenium.remote.RemoteWebElement.execute(RemoteWebElement.java:251)
  org.openqa.selenium.remote.RemoteWebElement.click(RemoteWebElement.java:77)
  Dealership.CustomerOrder.CashSale(CustomerOrder.java:914)
  sun.reflect.NativeMethodAccessorImpl.invoke0(Native Method)
  sun.reflect.NativeMethodAccessorImpl.invoke(NativeMethodAccessorImpl.java:62)
  sun.reflect.DelegatingMethodAccessorImpl.invoke(DelegatingMethodAccessorImpl.java:43)
  java.lang.reflect.Method.invoke(Method.java:498)
  org.testng.internal.invokers.MethodInvocationHelper.invokeMethod(MethodInvocationHelper.java:135)
  org.testng.internal.invokers.TestInvoker.invokeMethod(TestInvoker.java:673)
  org.testng.internal.invokers.TestInvoker.invokeTestMethod(TestInvoker.java:220)
  org.testng.internal.invokers.MethodRunner.runInSequence(MethodRunner.java:50)
  org.testng.internal.invokers.TestInvoker$MethodInvocationAgent.invoke(TestInvoker.java:945)
  org.testng.internal.invokers.TestInvoker.invokeTestMethods(TestInvoker.java:193)
  org.testng.internal.invokers.TestMethodWorker.invokeTestMethods(TestMethodWorker.java:146)
  org.testng.internal.invokers.TestMethodWorker.run(TestMethodWorker.java:128)
  java.util.ArrayList.forEach(ArrayList.java:1259)
  org.testng.TestRunner.privateRun(TestRunner.java:808)
  org.testng.TestRunner.run(TestRunner.java:603)
  org.testng.SuiteRunner.runTest(SuiteRunner.java:429)
  org.testng.SuiteRunner.runSequentially(SuiteRunner.java:423)
  org.testng.SuiteRunner.privateRun(SuiteRunner.java:383)
  org.testng.SuiteRunner.run(SuiteRunner.java:326)
  org.testng.SuiteRunnerWorker.runSuite(SuiteRunnerWorker.java:52)
  org.testng.SuiteRunnerWorker.run(SuiteRunnerWorker.java:95)
  org.testng.TestNG.runSuitesSequentially(TestNG.java:1249)
  org.testng.TestNG.runSuitesLocally(TestNG.java:1169)
  org.testng.TestNG.runSuites(TestNG.java:1092)
  org.testng.TestNG.run(TestNG.java:1060)
  org.testng.remote.AbstractRemoteTestNG.run(AbstractRemoteTestNG.java:115)
  org.testng.remote.RemoteTestNG.initAndRun(RemoteTestNG.java:251)
  org.testng.remote.RemoteTestNG.main(RemoteTestNG.java:77)
]]>
      </failure>

          </testcase>
  
  
  
</testsuite>
