<?xml version="1.0" encoding="UTF-8"?>
<testsuite name="Test"
           tests="5"
           failures="0"
           errors="0"
           skipped="0"
           time="600.928">
  <properties />
  
  
            <testcase name="StoreSummary" time="128.218" classname="Dealership.Workspace" />
                <testcase name="Vendor_Orders" time="129.747" classname="Dealership.Workspace" />
                <testcase name="Activity_Feed" time="44.052" classname="Dealership.Workspace" />
                <testcase name="Customer_Orders" time="117.301" classname="Dealership.Workspace" />
                <testcase name="ServiceJobs" time="181.610" classname="Dealership.Workspace" />
      
</testsuite>
