<?xml version="1.0" encoding="UTF-8"?>
<testsuite name="Default test"
           tests="1"
           failures="1"
           errors="0"
           skipped="0"
           time="81.870">
  <properties />
            <testcase name="UnitDeal" time="81.870" classname="Dealership.CustomerOrder">
                <failure type="org.openqa.selenium.NoSuchElementException"
                  message="no such element: Unable to locate element: {&quot;method&quot;:&quot;xpath&quot;,&quot;selector&quot;:&quot;//*[@id=&quot;customerorder_V2&quot;]/div[2]/div/div/div[3]/div&quot;}
  (Session info: chrome=100.0.4896.88)
For documentation on this error, please visit: https://selenium.dev/exceptions/#no_such_element
Build info: version: &apos;4.1.1&apos;, revision: &apos;e8fcc2cecf&apos;
System info: host: &apos;SPARSH-SHRIVAST&apos;, ip: &apos;192.168.1.40&apos;, os.name: &apos;Windows 10&apos;, os.arch: &apos;amd64&apos;, os.version: &apos;10.0&apos;, java.version: &apos;1.8.0_292&apos;
Driver info: org.openqa.selenium.chrome.ChromeDriver
Command: [ec9a355b3cc64b3147cf6e5d85cac144, findElement {using=xpath, value=//*[@id=&quot;customerorder_V2&quot;]/div[2]/div/div/div[3]/div}]
Capabilities {acceptInsecureCerts: false, browserName: chrome, browserVersion: 100.0.4896.88, chrome: {chromedriverVersion: 100.0.4896.60 (6a5d10861ce8..., userDataDir: C:\Users\Sparsh\AppData\Loc...}, goog:chromeOptions: {debuggerAddress: localhost:52889}, javascriptEnabled: true, networkConnectionEnabled: false, pageLoadStrategy: normal, platform: WINDOWS, platformName: WINDOWS, proxy: Proxy(), se:cdp: ws://localhost:52889/devtoo..., se:cdpVersion: 100.0.4896.88, setWindowRect: true, strictFileInteractability: false, timeouts: {implicit: 0, pageLoad: 300000, script: 30000}, unhandledPromptBehavior: dismiss and notify, webauthn:extension:credBlob: true, webauthn:extension:largeBlob: true, webauthn:virtualAuthenticators: true}
Session ID: ec9a355b3cc64b3147cf6e5d85cac144"
              >
<![CDATA[org.openqa.selenium.NoSuchElementException: no such element: Unable to locate element: {"method":"xpath","selector":"//*[@id="customerorder_V2"]/div[2]/div/div/div[3]/div"}
  (Session info: chrome=100.0.4896.88)
For documentation on this error, please visit: https://selenium.dev/exceptions/#no_such_element
Build info: version: '4.1.1', revision: 'e8fcc2cecf'
System info: host: 'SPARSH-SHRIVAST', ip: '192.168.1.40', os.name: 'Windows 10', os.arch: 'amd64', os.version: '10.0', java.version: '1.8.0_292'
Driver info: org.openqa.selenium.chrome.ChromeDriver
Command: [ec9a355b3cc64b3147cf6e5d85cac144, findElement {using=xpath, value=//*[@id="customerorder_V2"]/div[2]/div/div/div[3]/div}]
Capabilities {acceptInsecureCerts: false, browserName: chrome, browserVersion: 100.0.4896.88, chrome: {chromedriverVersion: 100.0.4896.60 (6a5d10861ce8..., userDataDir: C:\Users\Sparsh\AppData\Loc...}, goog:chromeOptions: {debuggerAddress: localhost:52889}, javascriptEnabled: true, networkConnectionEnabled: false, pageLoadStrategy: normal, platform: WINDOWS, platformName: WINDOWS, proxy: Proxy(), se:cdp: ws://localhost:52889/devtoo..., se:cdpVersion: 100.0.4896.88, setWindowRect: true, strictFileInteractability: false, timeouts: {implicit: 0, pageLoad: 300000, script: 30000}, unhandledPromptBehavior: dismiss and notify, webauthn:extension:credBlob: true, webauthn:extension:largeBlob: true, webauthn:virtualAuthenticators: true}
Session ID: ec9a355b3cc64b3147cf6e5d85cac144
  sun.reflect.NativeConstructorAccessorImpl.newInstance0(Native Method)
  sun.reflect.NativeConstructorAccessorImpl.newInstance(NativeConstructorAccessorImpl.java:62)
  sun.reflect.DelegatingConstructorAccessorImpl.newInstance(DelegatingConstructorAccessorImpl.java:45)
  java.lang.reflect.Constructor.newInstance(Constructor.java:423)
  org.openqa.selenium.remote.codec.w3c.W3CHttpResponseCodec.createException(W3CHttpResponseCodec.java:200)
  org.openqa.selenium.remote.codec.w3c.W3CHttpResponseCodec.decode(W3CHttpResponseCodec.java:133)
  org.openqa.selenium.remote.codec.w3c.W3CHttpResponseCodec.decode(W3CHttpResponseCodec.java:53)
  org.openqa.selenium.remote.HttpCommandExecutor.execute(HttpCommandExecutor.java:184)
  org.openqa.selenium.remote.service.DriverCommandExecutor.invokeExecute(DriverCommandExecutor.java:167)
  org.openqa.selenium.remote.service.DriverCommandExecutor.execute(DriverCommandExecutor.java:142)
  org.openqa.selenium.remote.RemoteWebDriver.execute(RemoteWebDriver.java:543)
  org.openqa.selenium.remote.ElementLocation$ElementFinder$2.findElement(ElementLocation.java:162)
  org.openqa.selenium.remote.ElementLocation.findElement(ElementLocation.java:60)
  org.openqa.selenium.remote.RemoteWebDriver.findElement(RemoteWebDriver.java:367)
  org.openqa.selenium.remote.RemoteWebDriver.findElement(RemoteWebDriver.java:359)
  Dealership.CustomerOrder.UnitDeal(CustomerOrder.java:509)
  sun.reflect.NativeMethodAccessorImpl.invoke0(Native Method)
  sun.reflect.NativeMethodAccessorImpl.invoke(NativeMethodAccessorImpl.java:62)
  sun.reflect.DelegatingMethodAccessorImpl.invoke(DelegatingMethodAccessorImpl.java:43)
  java.lang.reflect.Method.invoke(Method.java:498)
  org.testng.internal.invokers.MethodInvocationHelper.invokeMethod(MethodInvocationHelper.java:135)
  org.testng.internal.invokers.TestInvoker.invokeMethod(TestInvoker.java:673)
  org.testng.internal.invokers.TestInvoker.invokeTestMethod(TestInvoker.java:220)
  org.testng.internal.invokers.MethodRunner.runInSequence(MethodRunner.java:50)
  org.testng.internal.invokers.TestInvoker$MethodInvocationAgent.invoke(TestInvoker.java:945)
  org.testng.internal.invokers.TestInvoker.invokeTestMethods(TestInvoker.java:193)
  org.testng.internal.invokers.TestMethodWorker.invokeTestMethods(TestMethodWorker.java:146)
  org.testng.internal.invokers.TestMethodWorker.run(TestMethodWorker.java:128)
  java.util.ArrayList.forEach(ArrayList.java:1259)
  org.testng.TestRunner.privateRun(TestRunner.java:808)
  org.testng.TestRunner.run(TestRunner.java:603)
  org.testng.SuiteRunner.runTest(SuiteRunner.java:429)
  org.testng.SuiteRunner.runSequentially(SuiteRunner.java:423)
  org.testng.SuiteRunner.privateRun(SuiteRunner.java:383)
  org.testng.SuiteRunner.run(SuiteRunner.java:326)
  org.testng.SuiteRunnerWorker.runSuite(SuiteRunnerWorker.java:52)
  org.testng.SuiteRunnerWorker.run(SuiteRunnerWorker.java:95)
  org.testng.TestNG.runSuitesSequentially(TestNG.java:1249)
  org.testng.TestNG.runSuitesLocally(TestNG.java:1169)
  org.testng.TestNG.runSuites(TestNG.java:1092)
  org.testng.TestNG.run(TestNG.java:1060)
  org.testng.remote.AbstractRemoteTestNG.run(AbstractRemoteTestNG.java:115)
  org.testng.remote.RemoteTestNG.initAndRun(RemoteTestNG.java:251)
  org.testng.remote.RemoteTestNG.main(RemoteTestNG.java:77)
]]>
      </failure>

          </testcase>
  
  
  
</testsuite>
