<?xml version="1.0" encoding="UTF-8"?>
<testng-results skipped="0" failed="0" ignored="10" total="11" passed="1">
  <reporter-output>
    <line>
      <![CDATA[Status of execution : 1]]>
    </line>
    <line>
      <![CDATA[Test case LinkedformforVP passes successfully]]>
    </line>
    <line>
      <![CDATA[
]]>
    </line>
  </reporter-output>
  <suite name="Default suite" duration-ms="302260" started-at="2022-02-25T15:14:32 IST" finished-at="2022-02-25T15:19:34 IST">
    <groups>
    </groups>
    <test name="Default test" duration-ms="302260" started-at="2022-02-25T15:14:32 IST" finished-at="2022-02-25T15:19:34 IST">
      <class name="Dealership.SystemSettings">
        <test-method status="PASS" signature="LinkedformforVP()[pri:59, instance:Dealership.SystemSettings@3c77d488]" name="LinkedformforVP" duration-ms="295954" started-at="2022-02-25T15:14:32 IST" finished-at="2022-02-25T15:19:28 IST">
          <reporter-output>
            <line>
              <![CDATA[Status of execution : 1]]>
            </line>
            <line>
              <![CDATA[Test case LinkedformforVP passes successfully]]>
            </line>
            <line>
              <![CDATA[
]]>
            </line>
          </reporter-output>
        </test-method> <!-- LinkedformforVP -->
      </class> <!-- Dealership.SystemSettings -->
    </test> <!-- Default test -->
  </suite> <!-- Default suite -->
</testng-results>
