<?xml version="1.0" encoding="UTF-8"?>

<!-- Generated by org.testng.reporters.JUnitReportReporter -->
<testsuite skipped="0" hostname="Sparsh-Shrivastava" name="Dealership.Masterdata" tests="1" failures="0" timestamp="2022-04-18T13:43:47 IST" time="82.189" errors="0">
  <testcase name="AddCustomer" time="82.189" classname="Dealership.Masterdata"/>
  <system-out>
    <![CDATA[Status of execution : 1
Test case AddCustomer passes successfully


]]>
  </system-out>
</testsuite> <!-- Dealership.Masterdata -->
